
clients
aggregated_clients
billing_credentials
client_menus
client_mnos
client_revenue_codes
client_revenue_points
shortcut_customers


client_sms_channels
sms_channels_credentials
sms_provider_credentials
sms_providers

mnos


client_wallet_credentials
client_wallets
payments_provider_credentials
payments_providers


complaint_sub_types
complaint_types
customer_fields
service_type_details
service_types
survey_question_list_items
survey_question_list_types
survey_questions
surveys

payments
sessions


bulk_messages
messages


complaints
customer_field_update_details
customer_field_updates
service_application_details
service_applications
topups
survey_entries
survey_entry_details

dashboard_billing_area_totals
dashboard_hourly_totals
dashboard_payment_status_totals
dashboard_payment_type_totals
dashboard_payments_provider_totals
dashboard_revenue_collector_totals
dashboard_revenue_point_totals
dashboard_transaction_reference_totals



users
user_groups
groups
group_rights
rights
billpay_settings

